<?xml version="1.0" encoding="UTF-8"?>
<!-- Generated by org.testng.reporters.JUnitReportReporter -->
<testsuite skipped="1" hostname="4WFH7EI4GM01NBJ" name="com.hebg3.testcases.login.LoginPage_001_LoginSuccessFunction_Test" tests="3" failures="0" timestamp="29 七月 2018 10:30:06 GMT" time="40.273" errors="0">
  <testcase name="toPurchasePlantOrders" time="11.092" classname="com.hebg3.testcases.login.LoginPage_001_LoginSuccessFunction_Test"/>
  <testcase name="toPurchasePlantOrders" time="6.278" classname="com.hebg3.testcases.login.LoginPage_001_LoginSuccessFunction_Test">
    <skipped/>
  </testcase> <!-- toPurchasePlantOrders -->
  <testcase name="toPurchaseOrders" time="22.903" classname="com.hebg3.testcases.login.LoginPage_001_LoginSuccessFunction_Test"/>
</testsuite> <!-- com.hebg3.testcases.login.LoginPage_001_LoginSuccessFunction_Test -->
