<?xml version="1.0" encoding="UTF-8"?>
<!-- Generated by org.testng.reporters.JUnitReportReporter -->
<testsuite skipped="2" hostname="admin-PC" name="com.hebg3.testcases.login.LoginPage_001_LoginSuccessFunction_Test" tests="2" failures="0" timestamp="10 八月 2018 06:19:48 GMT" time="53.827" errors="0">
  <testcase name="toLose" time="28.155" classname="com.hebg3.testcases.login.LoginPage_001_LoginSuccessFunction_Test">
    <skipped/>
  </testcase> <!-- toLose -->
  <testcase name="toOver" time="25.672" classname="com.hebg3.testcases.login.LoginPage_001_LoginSuccessFunction_Test">
    <skipped/>
  </testcase> <!-- toOver -->
</testsuite> <!-- com.hebg3.testcases.login.LoginPage_001_LoginSuccessFunction_Test -->
